2019-03-07 11:55:36,265-BrowserEngine-INFO-选择apk类型android
2019-03-07 11:55:36,265-BrowserEngine-INFO-版本是5.1.1
2019-03-07 11:55:36,265-BrowserEngine-INFO-设备名字是127.0.0.1:62001
2019-03-07 11:55:36,265-BrowserEngine-INFO-测试链接是http://127.0.0.1:4723/wd/hub
2019-03-07 11:55:49,787-BrowserEngine-INFO-打开安卓系统
2019-03-07 11:55:49,800-BrowserEngine-INFO-等 10s
2019-03-07 11:55:59,845-base-INFO-找到页面元素
2019-03-07 11:56:00,133-base-INFO-被点击<appium.webdriver.webelement.WebElement (session="9ec8bdfc-d074-4543-bc17-5978ccc0025b", element="2")>
2019-03-07 11:56:01,073-base-INFO-找到页面元素
2019-03-07 11:56:01,457-base-INFO-被点击<appium.webdriver.webelement.WebElement (session="9ec8bdfc-d074-4543-bc17-5978ccc0025b", element="4")>
2019-03-07 11:56:02,878-base-INFO-找到页面元素
2019-03-07 11:56:04,121-base-INFO-被点击<appium.webdriver.webelement.WebElement (session="9ec8bdfc-d074-4543-bc17-5978ccc0025b", element="6")>
2019-03-07 11:56:04,761-base-INFO-找到页面元素
2019-03-07 11:56:12,033-base-INFO-输入内容LOL
2019-03-07 11:56:12,540-base-INFO-找到页面元素
2019-03-07 11:56:19,944-base-INFO-输入内容LOL@qq.com
2019-03-07 11:56:20,443-base-INFO-找到页面元素
2019-03-07 11:56:27,724-base-INFO-输入内容7654321
2019-03-07 11:56:28,212-base-INFO-找到页面元素
2019-03-07 11:56:28,752-base-INFO-被点击<appium.webdriver.webelement.WebElement (session="9ec8bdfc-d074-4543-bc17-5978ccc0025b", element="14")>
2019-03-07 11:56:38,853-register-INFO-注册成功
2019-03-07 11:56:43,886-base-INFO-找到页面元素
2019-03-07 11:56:44,253-base-INFO-被点击<appium.webdriver.webelement.WebElement (session="9ec8bdfc-d074-4543-bc17-5978ccc0025b", element="17")>
2019-03-07 11:56:49,281-base-INFO-找到页面元素
2019-03-07 11:56:49,536-base-INFO-被点击<appium.webdriver.webelement.WebElement (session="9ec8bdfc-d074-4543-bc17-5978ccc0025b", element="19")>
2019-03-07 11:56:54,581-base-INFO-找到页面元素
2019-03-07 11:56:55,277-base-INFO-被点击<appium.webdriver.webelement.WebElement (session="9ec8bdfc-d074-4543-bc17-5978ccc0025b", element="21")>
2019-03-07 11:57:01,662-BrowserEngine-INFO-离开app
2019-03-07 11:57:01,663-BrowserEngine-INFO-选择apk类型android
2019-03-07 11:57:01,664-BrowserEngine-INFO-版本是5.1.1
2019-03-07 11:57:01,665-BrowserEngine-INFO-设备名字是127.0.0.1:62001
2019-03-07 11:57:01,665-BrowserEngine-INFO-测试链接是http://127.0.0.1:4723/wd/hub
2019-03-07 11:57:12,524-BrowserEngine-INFO-打开安卓系统
2019-03-07 11:57:12,532-BrowserEngine-INFO-等 10s
2019-03-07 11:57:22,589-base-INFO-找到页面元素
2019-03-07 11:57:22,864-base-INFO-被点击<appium.webdriver.webelement.WebElement (session="e7a21ba3-c34d-49bc-82ca-3143d1a8f366", element="2")>
2019-03-07 11:57:27,905-base-INFO-找到页面元素
2019-03-07 11:57:28,201-base-INFO-被点击<appium.webdriver.webelement.WebElement (session="e7a21ba3-c34d-49bc-82ca-3143d1a8f366", element="4")>
2019-03-07 11:57:33,227-base-INFO-找到页面元素
2019-03-07 11:57:41,839-base-INFO-输入内容1114805590@qq.com
2019-03-07 11:57:42,380-base-INFO-找到页面元素
2019-03-07 11:57:49,561-base-INFO-输入内容1234567
2019-03-07 11:57:50,074-base-INFO-找到页面元素
2019-03-07 11:57:50,562-base-INFO-被点击<appium.webdriver.webelement.WebElement (session="e7a21ba3-c34d-49bc-82ca-3143d1a8f366", element="10")>
2019-03-07 11:57:53,128-testlogin-INFO-登录成功
2019-03-07 11:57:58,176-base-INFO-找到页面元素
2019-03-07 11:57:58,493-base-INFO-被点击<appium.webdriver.webelement.WebElement (session="e7a21ba3-c34d-49bc-82ca-3143d1a8f366", element="13")>
2019-03-07 11:58:03,520-base-INFO-找到页面元素
2019-03-07 11:58:03,774-base-INFO-被点击<appium.webdriver.webelement.WebElement (session="e7a21ba3-c34d-49bc-82ca-3143d1a8f366", element="15")>
2019-03-07 11:58:08,811-base-INFO-找到页面元素
2019-03-07 11:58:09,479-base-INFO-被点击<appium.webdriver.webelement.WebElement (session="e7a21ba3-c34d-49bc-82ca-3143d1a8f366", element="17")>
2019-03-07 11:58:16,038-BrowserEngine-INFO-离开app
2019-03-07 11:58:16,039-BrowserEngine-INFO-选择apk类型android
2019-03-07 11:58:16,039-BrowserEngine-INFO-版本是5.1.1
2019-03-07 11:58:16,039-BrowserEngine-INFO-设备名字是127.0.0.1:62001
2019-03-07 11:58:16,040-BrowserEngine-INFO-测试链接是http://127.0.0.1:4723/wd/hub
2019-03-07 11:58:27,165-BrowserEngine-INFO-打开安卓系统
2019-03-07 11:58:27,174-BrowserEngine-INFO-等 10s
2019-03-07 11:58:37,390-base-INFO-找到页面元素
2019-03-07 11:58:37,911-base-INFO-被点击<appium.webdriver.webelement.WebElement (session="5bb1714c-ec3b-4f8e-af54-a953c41c545d", element="2")>
2019-03-07 11:58:42,968-base-INFO-找到页面元素
2019-03-07 11:58:43,273-base-INFO-被点击<appium.webdriver.webelement.WebElement (session="5bb1714c-ec3b-4f8e-af54-a953c41c545d", element="4")>
2019-03-07 11:58:48,312-base-INFO-找到页面元素
2019-03-07 11:58:57,057-base-INFO-输入内容1114805590@qq.com
2019-03-07 11:58:57,623-base-INFO-找到页面元素
2019-03-07 11:59:04,968-base-INFO-输入内容1234567
2019-03-07 11:59:05,473-base-INFO-找到页面元素
2019-03-07 11:59:05,968-base-INFO-被点击<appium.webdriver.webelement.WebElement (session="5bb1714c-ec3b-4f8e-af54-a953c41c545d", element="10")>
2019-03-07 11:59:11,052-base-INFO-找到页面元素
2019-03-07 11:59:11,313-base-INFO-被点击<appium.webdriver.webelement.WebElement (session="5bb1714c-ec3b-4f8e-af54-a953c41c545d", element="12")>
2019-03-07 11:59:16,366-base-INFO-找到页面元素
2019-03-07 11:59:16,619-base-INFO-被点击<appium.webdriver.webelement.WebElement (session="5bb1714c-ec3b-4f8e-af54-a953c41c545d", element="14")>
2019-03-07 11:59:21,695-base-INFO-找到页面元素
2019-03-07 11:59:22,142-base-INFO-被点击<appium.webdriver.webelement.WebElement (session="5bb1714c-ec3b-4f8e-af54-a953c41c545d", element="16")>
2019-03-07 11:59:27,176-base-INFO-找到页面元素
2019-03-07 11:59:34,381-base-INFO-输入内容nij
2019-03-07 11:59:39,429-base-INFO-找到页面元素
2019-03-07 11:59:42,627-base-INFO-被点击<appium.webdriver.webelement.WebElement (session="5bb1714c-ec3b-4f8e-af54-a953c41c545d", element="20")>
2019-03-07 11:59:47,671-testupdata-INFO-修改成功
2019-03-07 11:59:53,022-base-INFO-找到页面元素
2019-03-07 11:59:53,457-base-INFO-被点击<appium.webdriver.webelement.WebElement (session="5bb1714c-ec3b-4f8e-af54-a953c41c545d", element="23")>
2019-03-07 11:59:58,549-base-INFO-找到页面元素
2019-03-07 11:59:58,847-base-INFO-被点击<appium.webdriver.webelement.WebElement (session="5bb1714c-ec3b-4f8e-af54-a953c41c545d", element="25")>
2019-03-07 12:00:03,871-base-INFO-找到页面元素
2019-03-07 12:00:04,990-base-INFO-被点击<appium.webdriver.webelement.WebElement (session="5bb1714c-ec3b-4f8e-af54-a953c41c545d", element="27")>
2019-03-07 12:00:11,599-BrowserEngine-INFO-离开app
2019-03-07 12:00:11,602-BrowserEngine-INFO-选择apk类型android
2019-03-07 12:00:11,602-BrowserEngine-INFO-版本是5.1.1
2019-03-07 12:00:11,602-BrowserEngine-INFO-设备名字是127.0.0.1:62001
2019-03-07 12:00:11,603-BrowserEngine-INFO-测试链接是http://127.0.0.1:4723/wd/hub
2019-03-07 12:00:22,152-BrowserEngine-INFO-打开安卓系统
2019-03-07 12:00:22,159-BrowserEngine-INFO-等 10s
2019-03-07 12:00:32,187-base-INFO-找到页面元素
2019-03-07 12:00:32,446-base-INFO-被点击<appium.webdriver.webelement.WebElement (session="5c3e6f99-3371-4ee8-9b29-0ecb6fe1ecdd", element="2")>
2019-03-07 12:00:37,494-base-INFO-找到页面元素
2019-03-07 12:00:37,786-base-INFO-被点击<appium.webdriver.webelement.WebElement (session="5c3e6f99-3371-4ee8-9b29-0ecb6fe1ecdd", element="4")>
2019-03-07 12:00:42,816-base-INFO-找到页面元素
2019-03-07 12:00:51,424-base-INFO-输入内容1114805590@qq.com
2019-03-07 12:00:51,940-base-INFO-找到页面元素
2019-03-07 12:00:59,253-base-INFO-输入内容1234567
2019-03-07 12:00:59,796-base-INFO-找到页面元素
2019-03-07 12:01:00,309-base-INFO-被点击<appium.webdriver.webelement.WebElement (session="5c3e6f99-3371-4ee8-9b29-0ecb6fe1ecdd", element="10")>
2019-03-07 12:01:05,339-base-INFO-找到页面元素
2019-03-07 12:01:05,587-base-INFO-被点击<appium.webdriver.webelement.WebElement (session="5c3e6f99-3371-4ee8-9b29-0ecb6fe1ecdd", element="12")>
2019-03-07 12:01:10,618-base-INFO-找到页面元素
2019-03-07 12:01:10,896-base-INFO-被点击<appium.webdriver.webelement.WebElement (session="5c3e6f99-3371-4ee8-9b29-0ecb6fe1ecdd", element="14")>
2019-03-07 12:01:15,938-base-INFO-找到页面元素
2019-03-07 12:01:23,319-base-INFO-输入内容mnh
2019-03-07 12:01:23,865-base-INFO-找到页面元素
2019-03-07 12:01:24,581-base-INFO-被点击<appium.webdriver.webelement.WebElement (session="5c3e6f99-3371-4ee8-9b29-0ecb6fe1ecdd", element="18")>
2019-03-07 12:01:29,616-base-INFO-找到页面元素
2019-03-07 12:01:29,926-base-INFO-被点击<appium.webdriver.webelement.WebElement (session="5c3e6f99-3371-4ee8-9b29-0ecb6fe1ecdd", element="20")>
2019-03-07 12:01:34,961-base-INFO-找到页面元素
2019-03-07 12:01:35,192-base-INFO-被点击<appium.webdriver.webelement.WebElement (session="5c3e6f99-3371-4ee8-9b29-0ecb6fe1ecdd", element="22")>
2019-03-07 12:01:40,248-base-INFO-找到页面元素
2019-03-07 12:01:40,879-base-INFO-被点击<appium.webdriver.webelement.WebElement (session="5c3e6f99-3371-4ee8-9b29-0ecb6fe1ecdd", element="24")>
2019-03-07 12:01:45,994-testa-INFO-添加成功
2019-03-07 12:01:45,994-testa-INFO-添加成功
2019-03-07 12:01:47,653-BrowserEngine-INFO-离开app
2019-03-07 12:01:47,655-BrowserEngine-INFO-选择apk类型android
2019-03-07 12:01:47,655-BrowserEngine-INFO-版本是5.1.1
2019-03-07 12:01:47,655-BrowserEngine-INFO-设备名字是127.0.0.1:62001
2019-03-07 12:01:47,656-BrowserEngine-INFO-测试链接是http://127.0.0.1:4723/wd/hub
2019-03-07 12:01:58,628-BrowserEngine-INFO-打开安卓系统
2019-03-07 12:01:58,634-BrowserEngine-INFO-等 10s
2019-03-07 12:02:08,698-base-INFO-找到页面元素
2019-03-07 12:02:09,063-base-INFO-被点击<appium.webdriver.webelement.WebElement (session="de326bab-171e-4525-bdb9-01050f02fe7b", element="2")>
2019-03-07 12:02:14,092-base-INFO-找到页面元素
2019-03-07 12:02:14,380-base-INFO-被点击<appium.webdriver.webelement.WebElement (session="de326bab-171e-4525-bdb9-01050f02fe7b", element="4")>
2019-03-07 12:02:19,423-base-INFO-找到页面元素
2019-03-07 12:02:28,080-base-INFO-输入内容1114805590@qq.com
2019-03-07 12:02:28,571-base-INFO-找到页面元素
2019-03-07 12:02:35,913-base-INFO-输入内容1234567
2019-03-07 12:02:36,451-base-INFO-找到页面元素
2019-03-07 12:02:36,917-base-INFO-被点击<appium.webdriver.webelement.WebElement (session="de326bab-171e-4525-bdb9-01050f02fe7b", element="10")>
2019-03-07 12:02:47,408-base-ERROR-页面未找到元素
2019-03-07 12:02:47,409-base-ERROR-没被点击None
2019-03-07 12:02:58,263-base-ERROR-页面未找到元素
2019-03-07 12:03:00,156-BrowserEngine-INFO-离开app
2019-03-07 12:03:00,163-BrowserEngine-INFO-选择apk类型android
2019-03-07 12:03:00,163-BrowserEngine-INFO-版本是5.1.1
2019-03-07 12:03:00,163-BrowserEngine-INFO-设备名字是127.0.0.1:62001
2019-03-07 12:03:00,163-BrowserEngine-INFO-测试链接是http://127.0.0.1:4723/wd/hub
2019-03-07 12:03:15,018-BrowserEngine-INFO-打开安卓系统
2019-03-07 12:03:15,025-BrowserEngine-INFO-等 10s
2019-03-07 12:03:25,125-base-INFO-找到页面元素
2019-03-07 12:03:25,506-base-INFO-被点击<appium.webdriver.webelement.WebElement (session="890bf295-3603-4725-8454-739a4fd7ea85", element="2")>
2019-03-07 12:03:30,531-base-INFO-找到页面元素
2019-03-07 12:03:30,800-base-INFO-被点击<appium.webdriver.webelement.WebElement (session="890bf295-3603-4725-8454-739a4fd7ea85", element="4")>
2019-03-07 12:03:35,821-base-INFO-找到页面元素
2019-03-07 12:03:44,517-base-INFO-输入内容1114805590@qq.com
2019-03-07 12:03:45,029-base-INFO-找到页面元素
2019-03-07 12:03:52,278-base-INFO-输入内容1234567
2019-03-07 12:03:52,794-base-INFO-找到页面元素
2019-03-07 12:03:53,400-base-INFO-被点击<appium.webdriver.webelement.WebElement (session="890bf295-3603-4725-8454-739a4fd7ea85", element="10")>
2019-03-07 12:03:54,127-base-INFO-找到页面元素
2019-03-07 12:03:55,054-base-INFO-被点击<appium.webdriver.webelement.WebElement (session="890bf295-3603-4725-8454-739a4fd7ea85", element="12")>
2019-03-07 12:04:05,721-base-ERROR-页面未找到元素
2019-03-07 12:04:05,721-base-ERROR-没被点击None
2019-03-07 12:04:16,078-base-ERROR-页面未找到元素
2019-03-07 12:04:16,079-base-ERROR-没被点击None
2019-03-07 12:04:22,148-base-INFO-找到页面元素
2019-03-07 12:04:22,474-base-INFO-被点击<appium.webdriver.webelement.WebElement (session="890bf295-3603-4725-8454-739a4fd7ea85", element="14")>
2019-03-07 12:04:27,594-base-INFO-找到页面元素
2019-03-07 12:04:27,792-base-INFO-被点击<appium.webdriver.webelement.WebElement (session="890bf295-3603-4725-8454-739a4fd7ea85", element="16")>
2019-03-07 12:04:42,978-base-ERROR-页面未找到元素
2019-03-07 12:04:42,978-base-ERROR-没被点击None
2019-03-07 12:04:49,377-BrowserEngine-INFO-离开app
2019-03-07 12:04:49,379-BrowserEngine-INFO-选择apk类型android
2019-03-07 12:04:49,380-BrowserEngine-INFO-版本是5.1.1
2019-03-07 12:04:49,380-BrowserEngine-INFO-设备名字是127.0.0.1:62001
2019-03-07 12:04:49,380-BrowserEngine-INFO-测试链接是http://127.0.0.1:4723/wd/hub
2019-03-07 12:04:59,953-BrowserEngine-INFO-打开安卓系统
2019-03-07 12:04:59,960-BrowserEngine-INFO-等 10s
2019-03-07 12:05:10,012-base-INFO-找到页面元素
2019-03-07 12:05:10,470-base-INFO-被点击<appium.webdriver.webelement.WebElement (session="fa201a9a-cfac-4a9e-8e8b-73123872535f", element="2")>
2019-03-07 12:05:15,537-base-INFO-找到页面元素
2019-03-07 12:05:15,792-base-INFO-被点击<appium.webdriver.webelement.WebElement (session="fa201a9a-cfac-4a9e-8e8b-73123872535f", element="4")>
2019-03-07 12:05:20,822-base-INFO-找到页面元素
2019-03-07 12:05:29,471-base-INFO-输入内容1114805590@qq.com
2019-03-07 12:05:36,494-base-INFO-找到页面元素
2019-03-07 12:05:43,779-base-INFO-输入内容1234567
2019-03-07 12:05:44,345-base-INFO-找到页面元素
2019-03-07 12:05:44,867-base-INFO-被点击<appium.webdriver.webelement.WebElement (session="fa201a9a-cfac-4a9e-8e8b-73123872535f", element="10")>
2019-03-07 12:06:00,246-base-ERROR-页面未找到元素
2019-03-07 12:06:11,302-base-INFO-长安成功
2019-03-07 12:06:24,468-base-ERROR-页面未找到元素
2019-03-07 12:06:24,468-base-ERROR-没被点击None
2019-03-07 12:06:35,032-test_file-ERROR-归档失败
2019-03-07 12:06:38,082-base-INFO-找到页面元素
2019-03-07 12:06:38,903-base-INFO-被点击<appium.webdriver.webelement.WebElement (session="fa201a9a-cfac-4a9e-8e8b-73123872535f", element="12")>
2019-03-07 12:06:52,178-base-ERROR-页面未找到元素
2019-03-07 12:06:52,178-base-ERROR-没被点击None
2019-03-07 12:06:55,272-base-INFO-找到页面元素
2019-03-07 12:06:56,503-base-INFO-被点击<appium.webdriver.webelement.WebElement (session="fa201a9a-cfac-4a9e-8e8b-73123872535f", element="14")>
2019-03-07 12:06:59,526-base-INFO-找到页面元素
2019-03-07 12:07:00,225-base-INFO-被点击<appium.webdriver.webelement.WebElement (session="fa201a9a-cfac-4a9e-8e8b-73123872535f", element="16")>
2019-03-07 12:07:03,906-base-INFO-滑动成功
2019-03-07 12:07:19,450-base-ERROR-页面未找到元素
2019-03-07 12:07:19,450-base-ERROR-没被点击None
2019-03-07 12:07:29,520-test_file-ERROR-回档失败
2019-03-07 12:07:35,601-base-INFO-找到页面元素
2019-03-07 12:07:35,942-base-INFO-被点击<appium.webdriver.webelement.WebElement (session="fa201a9a-cfac-4a9e-8e8b-73123872535f", element="18")>
2019-03-07 12:07:40,973-base-INFO-找到页面元素
2019-03-07 12:07:41,228-base-INFO-被点击<appium.webdriver.webelement.WebElement (session="fa201a9a-cfac-4a9e-8e8b-73123872535f", element="20")>
2019-03-07 12:07:56,593-base-ERROR-页面未找到元素
2019-03-07 12:07:56,594-base-ERROR-没被点击None
2019-03-07 12:08:02,973-BrowserEngine-INFO-离开app
2019-03-07 12:08:02,975-BrowserEngine-INFO-选择apk类型android
2019-03-07 12:08:02,975-BrowserEngine-INFO-版本是5.1.1
2019-03-07 12:08:02,976-BrowserEngine-INFO-设备名字是127.0.0.1:62001
2019-03-07 12:08:02,976-BrowserEngine-INFO-测试链接是http://127.0.0.1:4723/wd/hub
2019-03-07 12:08:13,309-BrowserEngine-INFO-打开安卓系统
2019-03-07 12:08:13,316-BrowserEngine-INFO-等 10s
2019-03-07 12:08:23,368-base-INFO-找到页面元素
2019-03-07 12:08:23,636-base-INFO-被点击<appium.webdriver.webelement.WebElement (session="6b1bbcdf-4e1d-4c1d-bfe0-e9efd3f84672", element="2")>
2019-03-07 12:08:28,695-base-INFO-找到页面元素
2019-03-07 12:08:28,934-base-INFO-被点击<appium.webdriver.webelement.WebElement (session="6b1bbcdf-4e1d-4c1d-bfe0-e9efd3f84672", element="4")>
2019-03-07 12:08:33,971-base-INFO-找到页面元素
2019-03-07 12:08:42,677-base-INFO-输入内容1114805590@qq.com
2019-03-07 12:08:43,201-base-INFO-找到页面元素
2019-03-07 12:08:50,578-base-INFO-输入内容1234567
2019-03-07 12:08:51,077-base-INFO-找到页面元素
2019-03-07 12:08:51,637-base-INFO-被点击<appium.webdriver.webelement.WebElement (session="6b1bbcdf-4e1d-4c1d-bfe0-e9efd3f84672", element="10")>
2019-03-07 12:09:06,661-base-ERROR-页面未找到元素
2019-03-07 12:09:17,707-base-INFO-长安成功
2019-03-07 12:09:30,728-base-ERROR-页面未找到元素
2019-03-07 12:09:30,729-base-ERROR-没被点击None
2019-03-07 12:09:34,757-base-INFO-找到页面元素
2019-03-07 12:09:35,418-base-INFO-被点击<appium.webdriver.webelement.WebElement (session="6b1bbcdf-4e1d-4c1d-bfe0-e9efd3f84672", element="12")>
2019-03-07 12:09:49,728-base-ERROR-页面未找到元素
2019-03-07 12:09:49,729-base-ERROR-没被点击None
2019-03-07 12:09:53,762-base-INFO-找到页面元素
2019-03-07 12:09:54,480-base-INFO-被点击<appium.webdriver.webelement.WebElement (session="6b1bbcdf-4e1d-4c1d-bfe0-e9efd3f84672", element="14")>
2019-03-07 12:09:58,522-base-INFO-找到页面元素
2019-03-07 12:09:59,083-base-INFO-被点击<appium.webdriver.webelement.WebElement (session="6b1bbcdf-4e1d-4c1d-bfe0-e9efd3f84672", element="16")>
2019-03-07 12:10:13,177-base-ERROR-页面未找到元素
2019-03-07 12:10:13,178-base-ERROR-没被点击None
2019-03-07 12:10:27,195-base-ERROR-页面未找到元素
2019-03-07 12:10:37,642-base-ERROR-页面未找到元素
2019-03-07 12:10:37,643-base-ERROR-没被点击None
2019-03-07 12:10:43,740-base-INFO-返回当前页面
2019-03-07 12:10:53,780-base-INFO-找到页面元素
2019-03-07 12:10:54,041-base-INFO-被点击<appium.webdriver.webelement.WebElement (session="6b1bbcdf-4e1d-4c1d-bfe0-e9efd3f84672", element="18")>
2019-03-07 12:10:59,080-base-INFO-找到页面元素
2019-03-07 12:10:59,308-base-INFO-被点击<appium.webdriver.webelement.WebElement (session="6b1bbcdf-4e1d-4c1d-bfe0-e9efd3f84672", element="20")>
2019-03-07 12:11:14,615-base-ERROR-页面未找到元素
2019-03-07 12:11:14,616-base-ERROR-没被点击None
2019-03-07 12:11:20,990-BrowserEngine-INFO-离开app
